Generated at 2014-03-27 20:39:25 -0500
Errno::ENOTEMPTY: directory[C:/u01/oracle/fmw/soabpm/11.1.1.7/tmp] (oracle-weblogic::install-wls-10.3.6 line 67) had an error: Errno::ENOTEMPTY: Directory not empty - C:/u01/oracle/fmw/soabpm/11.1.1.7/tmp
C:/devops/opscode/chef/embedded/lib/ruby/gems/1.9.1/gems/chef-11.10.4-x86-mingw32/lib/chef/provider/directory.rb:120:in `delete'
C:/devops/opscode/chef/embedded/lib/ruby/gems/1.9.1/gems/chef-11.10.4-x86-mingw32/lib/chef/provider/directory.rb:120:in `block in action_delete'
C:/devops/opscode/chef/embedded/lib/ruby/gems/1.9.1/gems/chef-11.10.4-x86-mingw32/lib/chef/mixin/why_run.rb:52:in `call'
C:/devops/opscode/chef/embedded/lib/ruby/gems/1.9.1/gems/chef-11.10.4-x86-mingw32/lib/chef/mixin/why_run.rb:52:in `add_action'
C:/devops/opscode/chef/embedded/lib/ruby/gems/1.9.1/gems/chef-11.10.4-x86-mingw32/lib/chef/provider.rb:155:in `converge_by'
C:/devops/opscode/chef/embedded/lib/ruby/gems/1.9.1/gems/chef-11.10.4-x86-mingw32/lib/chef/provider/directory.rb:115:in `action_delete'
C:/devops/opscode/chef/embedded/lib/ruby/gems/1.9.1/gems/chef-11.10.4-x86-mingw32/lib/chef/provider.rb:120:in `run_action'
C:/devops/opscode/chef/embedded/lib/ruby/gems/1.9.1/gems/chef-11.10.4-x86-mingw32/lib/chef/resource.rb:625:in `run_action'
C:/devops/opscode/chef/embedded/lib/ruby/gems/1.9.1/gems/chef-11.10.4-x86-mingw32/lib/chef/runner.rb:49:in `run_action'
C:/devops/opscode/chef/embedded/lib/ruby/gems/1.9.1/gems/chef-11.10.4-x86-mingw32/lib/chef/runner.rb:81:in `block (2 levels) in converge'
C:/devops/opscode/chef/embedded/lib/ruby/gems/1.9.1/gems/chef-11.10.4-x86-mingw32/lib/chef/runner.rb:81:in `each'
C:/devops/opscode/chef/embedded/lib/ruby/gems/1.9.1/gems/chef-11.10.4-x86-mingw32/lib/chef/runner.rb:81:in `block in converge'
C:/devops/opscode/chef/embedded/lib/ruby/gems/1.9.1/gems/chef-11.10.4-x86-mingw32/lib/chef/resource_collection.rb:98:in `block in execute_each_resource'
C:/devops/opscode/chef/embedded/lib/ruby/gems/1.9.1/gems/chef-11.10.4-x86-mingw32/lib/chef/resource_collection/stepable_iterator.rb:116:in `call'
C:/devops/opscode/chef/embedded/lib/ruby/gems/1.9.1/gems/chef-11.10.4-x86-mingw32/lib/chef/resource_collection/stepable_iterator.rb:116:in `call_iterator_block'
C:/devops/opscode/chef/embedded/lib/ruby/gems/1.9.1/gems/chef-11.10.4-x86-mingw32/lib/chef/resource_collection/stepable_iterator.rb:85:in `step'
C:/devops/opscode/chef/embedded/lib/ruby/gems/1.9.1/gems/chef-11.10.4-x86-mingw32/lib/chef/resource_collection/stepable_iterator.rb:104:in `iterate'
C:/devops/opscode/chef/embedded/lib/ruby/gems/1.9.1/gems/chef-11.10.4-x86-mingw32/lib/chef/resource_collection/stepable_iterator.rb:55:in `each_with_index'
C:/devops/opscode/chef/embedded/lib/ruby/gems/1.9.1/gems/chef-11.10.4-x86-mingw32/lib/chef/resource_collection.rb:96:in `execute_each_resource'
C:/devops/opscode/chef/embedded/lib/ruby/gems/1.9.1/gems/chef-11.10.4-x86-mingw32/lib/chef/runner.rb:80:in `converge'
C:/devops/opscode/chef/embedded/lib/ruby/gems/1.9.1/gems/chef-11.10.4-x86-mingw32/lib/chef/client.rb:335:in `converge'
C:/devops/opscode/chef/embedded/lib/ruby/gems/1.9.1/gems/chef-11.10.4-x86-mingw32/lib/chef/client.rb:415:in `do_run'
C:/devops/opscode/chef/embedded/lib/ruby/gems/1.9.1/gems/chef-11.10.4-x86-mingw32/lib/chef/client.rb:214:in `run'
C:/devops/opscode/chef/embedded/lib/ruby/gems/1.9.1/gems/chef-11.10.4-x86-mingw32/lib/chef/application.rb:215:in `run_chef_client'
C:/devops/opscode/chef/embedded/lib/ruby/gems/1.9.1/gems/chef-11.10.4-x86-mingw32/lib/chef/application/solo.rb:221:in `block in run_application'
C:/devops/opscode/chef/embedded/lib/ruby/gems/1.9.1/gems/chef-11.10.4-x86-mingw32/lib/chef/application/solo.rb:213:in `loop'
C:/devops/opscode/chef/embedded/lib/ruby/gems/1.9.1/gems/chef-11.10.4-x86-mingw32/lib/chef/application/solo.rb:213:in `run_application'
C:/devops/opscode/chef/embedded/lib/ruby/gems/1.9.1/gems/chef-11.10.4-x86-mingw32/lib/chef/application.rb:66:in `run'
C:/devops/opscode/chef/embedded/lib/ruby/gems/1.9.1/gems/chef-11.10.4-x86-mingw32/bin/chef-solo:25:in `<top (required)>'
C:/devops/opscode/chef/bin/chef-solo:23:in `load'
C:/devops/opscode/chef/bin/chef-solo:23:in `<main>'