Generated at 2014-03-24 19:02:38 -0500
Chef::Exceptions::CookbookNotFound: Cookbook oracle-soa-suite not found. If you're loading oracle-soa-suite from another cookbook, make sure you configure the dependency in your metadata
C:/devops/opscode/chef/embedded/lib/ruby/gems/1.9.1/gems/chef-11.10.4-x86-mingw32/lib/chef/cookbook/cookbook_collection.rb:38:in `block in initialize'
C:/devops/opscode/chef/embedded/lib/ruby/gems/1.9.1/gems/ohai-6.20.0/lib/ohai/mash.rb:77:in `yield'
C:/devops/opscode/chef/embedded/lib/ruby/gems/1.9.1/gems/ohai-6.20.0/lib/ohai/mash.rb:77:in `default'
C:/devops/opscode/chef/embedded/lib/ruby/gems/1.9.1/gems/ohai-6.20.0/lib/ohai/mash.rb:77:in `default'
C:/devops/opscode/chef/embedded/lib/ruby/gems/1.9.1/gems/chef-11.10.4-x86-mingw32/lib/chef/run_context/cookbook_compiler.rb:265:in `[]'
C:/devops/opscode/chef/embedded/lib/ruby/gems/1.9.1/gems/chef-11.10.4-x86-mingw32/lib/chef/run_context/cookbook_compiler.rb:265:in `each_cookbook_dep'
C:/devops/opscode/chef/embedded/lib/ruby/gems/1.9.1/gems/chef-11.10.4-x86-mingw32/lib/chef/run_context/cookbook_compiler.rb:243:in `add_cookbook_with_deps'
C:/devops/opscode/chef/embedded/lib/ruby/gems/1.9.1/gems/chef-11.10.4-x86-mingw32/lib/chef/run_context/cookbook_compiler.rb:87:in `block in cookbook_order'
C:/devops/opscode/chef/embedded/lib/ruby/gems/1.9.1/gems/chef-11.10.4-x86-mingw32/lib/chef/run_context/cookbook_compiler.rb:85:in `each'
C:/devops/opscode/chef/embedded/lib/ruby/gems/1.9.1/gems/chef-11.10.4-x86-mingw32/lib/chef/run_context/cookbook_compiler.rb:85:in `cookbook_order'
C:/devops/opscode/chef/embedded/lib/ruby/gems/1.9.1/gems/chef-11.10.4-x86-mingw32/lib/chef/run_context/cookbook_compiler.rb:97:in `compile_libraries'
C:/devops/opscode/chef/embedded/lib/ruby/gems/1.9.1/gems/chef-11.10.4-x86-mingw32/lib/chef/run_context/cookbook_compiler.rb:70:in `compile'
C:/devops/opscode/chef/embedded/lib/ruby/gems/1.9.1/gems/chef-11.10.4-x86-mingw32/lib/chef/run_context.rb:86:in `load'
C:/devops/opscode/chef/embedded/lib/ruby/gems/1.9.1/gems/chef-11.10.4-x86-mingw32/lib/chef/policy_builder/expand_node_object.rb:75:in `setup_run_context'
C:/devops/opscode/chef/embedded/lib/ruby/gems/1.9.1/gems/chef-11.10.4-x86-mingw32/lib/chef/client.rb:252:in `setup_run_context'
C:/devops/opscode/chef/embedded/lib/ruby/gems/1.9.1/gems/chef-11.10.4-x86-mingw32/lib/chef/client.rb:413:in `do_run'
C:/devops/opscode/chef/embedded/lib/ruby/gems/1.9.1/gems/chef-11.10.4-x86-mingw32/lib/chef/client.rb:214:in `run'
C:/devops/opscode/chef/embedded/lib/ruby/gems/1.9.1/gems/chef-11.10.4-x86-mingw32/lib/chef/application.rb:215:in `run_chef_client'
C:/devops/opscode/chef/embedded/lib/ruby/gems/1.9.1/gems/chef-11.10.4-x86-mingw32/lib/chef/application/solo.rb:221:in `block in run_application'
C:/devops/opscode/chef/embedded/lib/ruby/gems/1.9.1/gems/chef-11.10.4-x86-mingw32/lib/chef/application/solo.rb:213:in `loop'
C:/devops/opscode/chef/embedded/lib/ruby/gems/1.9.1/gems/chef-11.10.4-x86-mingw32/lib/chef/application/solo.rb:213:in `run_application'
C:/devops/opscode/chef/embedded/lib/ruby/gems/1.9.1/gems/chef-11.10.4-x86-mingw32/lib/chef/application.rb:66:in `run'
C:/devops/opscode/chef/embedded/lib/ruby/gems/1.9.1/gems/chef-11.10.4-x86-mingw32/bin/chef-solo:25:in `<top (required)>'
C:/devops/opscode/chef/bin/chef-solo:23:in `load'
C:/devops/opscode/chef/bin/chef-solo:23:in `<main>'